# JRE version: OpenJDK Runtime Environment (11.0.15) (build 11.0.15+0-b2043.56-9505619)
# Java VM: OpenJDK 64-Bit Server VM (11.0.15+0-b2043.56-9505619, mixed mode, tiered, compressed oops, g1 gc, windows-amd64)
Heap:
 garbage-first heap   total 312320K, used 106467K [0x0000000702c00000, 0x0000000800000000)
  region size 1024K, 39 young (39936K), 12 survivors (12288K)
 Metaspace       used 87682K, capacity 88608K, committed 88656K, reserved 1128448K
  class space    used 9258K, capacity 9611K, committed 9648K, reserved 1048576K
GC Heap History (18 events):
Event: 0.474 GC heap before
{Heap before GC invocations=0 (full 0):
 garbage-first heap   total 260096K, used 28672K [0x0000000702c00000, 0x0000000800000000)
  region size 1024K, 24 young (24576K), 0 survivors (0K)
 Metaspace       used 12126K, capacity 12280K, committed 12544K, reserved 1060864K
  class space    used 1118K, capacity 1175K, committed 1280K, reserved 1048576K
}
Event: 0.477 GC heap after
{Heap after GC invocations=1 (full 0):
 garbage-first heap   total 260096K, used 6691K [0x0000000702c00000, 0x0000000800000000)
  region size 1024K, 3 young (3072K), 3 survivors (3072K)
 Metaspace       used 12126K, capacity 12280K, committed 12544K, reserved 1060864K
  class space    used 1118K, capacity 1175K, committed 1280K, reserved 1048576K
}
Event: 1.017 GC heap before
{Heap before GC invocations=1 (full 0):
 garbage-first heap   total 260096K, used 44579K [0x0000000702c00000, 0x0000000800000000)
  region size 1024K, 41 young (41984K), 3 survivors (3072K)
 Metaspace       used 21047K, capacity 21199K, committed 21296K, reserved 1069056K
  class space    used 2226K, capacity 2308K, committed 2352K, reserved 1048576K
}
Event: 1.025 GC heap after
{Heap after GC invocations=2 (full 0):
 garbage-first heap   total 260096K, used 10448K [0x0000000702c00000, 0x0000000800000000)
  region size 1024K, 7 young (7168K), 7 survivors (7168K)
 Metaspace       used 21047K, capacity 21199K, committed 21296K, reserved 1069056K
  class space    used 2226K, capacity 2308K, committed 2352K, reserved 1048576K
}
Event: 1.711 GC heap before
{Heap before GC invocations=3 (full 0):
 garbage-first heap   total 260096K, used 69840K [0x0000000702c00000, 0x0000000800000000)
  region size 1024K, 59 young (60416K), 7 survivors (7168K)
 Metaspace       used 31812K, capacity 32258K, committed 32560K, reserved 1077248K
  class space    used 3931K, capacity 4111K, committed 4144K, reserved 1048576K
}
Event: 1.722 GC heap after
{Heap after GC invocations=4 (full 0):
 garbage-first heap   total 260096K, used 24289K [0x0000000702c00000, 0x0000000800000000)
  region size 1024K, 8 young (8192K), 8 survivors (8192K)
 Metaspace       used 31812K, capacity 32258K, committed 32560K, reserved 1077248K
  class space    used 3931K, capacity 4111K, committed 4144K, reserved 1048576K
}
Event: 1.897 GC heap before
{Heap before GC invocations=4 (full 0):
 garbage-first heap   total 260096K, used 40673K [0x0000000702c00000, 0x0000000800000000)
  region size 1024K, 25 young (25600K), 8 survivors (8192K)
 Metaspace       used 35347K, capacity 35785K, committed 35920K, reserved 1081344K
  class space    used 4314K, capacity 4498K, committed 4528K, reserved 1048576K
}
Event: 1.903 GC heap after
{Heap after GC invocations=5 (full 0):
 garbage-first heap   total 260096K, used 26337K [0x0000000702c00000, 0x0000000800000000)
  region size 1024K, 10 young (10240K), 10 survivors (10240K)
 Metaspace       used 35347K, capacity 35785K, committed 35920K, reserved 1081344K
  class space    used 4314K, capacity 4498K, committed 4528K, reserved 1048576K
}
Event: 1.931 GC heap before
{Heap before GC invocations=6 (full 0):
 garbage-first heap   total 260096K, used 28385K [0x0000000702c00000, 0x0000000800000000)
  region size 1024K, 12 young (12288K), 10 survivors (10240K)
 Metaspace       used 35540K, capacity 35988K, committed 36176K, reserved 1081344K
  class space    used 4335K, capacity 4502K, committed 4528K, reserved 1048576K
}
Event: 1.938 GC heap after
{Heap after GC invocations=7 (full 0):
 garbage-first heap   total 260096K, used 25253K [0x0000000702c00000, 0x0000000800000000)
  region size 1024K, 2 young (2048K), 2 survivors (2048K)
 Metaspace       used 35540K, capacity 35988K, committed 36176K, reserved 1081344K
  class space    used 4335K, capacity 4502K, committed 4528K, reserved 1048576K
}
Event: 3.033 GC heap before
{Heap before GC invocations=7 (full 0):
 garbage-first heap   total 260096K, used 101029K [0x0000000702c00000, 0x0000000800000000)
  region size 1024K, 73 young (74752K), 2 survivors (2048K)
 Metaspace       used 50756K, capacity 51364K, committed 51664K, reserved 1095680K
  class space    used 5905K, capacity 6144K, committed 6192K, reserved 1048576K
}
Event: 3.040 GC heap after
{Heap after GC invocations=8 (full 0):
 garbage-first heap   total 312320K, used 33878K [0x0000000702c00000, 0x0000000800000000)
  region size 1024K, 8 young (8192K), 8 survivors (8192K)
 Metaspace       used 50756K, capacity 51364K, committed 51664K, reserved 1095680K
  class space    used 5905K, capacity 6144K, committed 6192K, reserved 1048576K
}
Event: 4.667 GC heap before
{Heap before GC invocations=8 (full 0):
 garbage-first heap   total 312320K, used 179286K [0x0000000702c00000, 0x0000000800000000)
  region size 1024K, 151 young (154624K), 8 survivors (8192K)
 Metaspace       used 59470K, capacity 60138K, committed 60240K, reserved 1101824K
  class space    used 6760K, capacity 7036K, committed 7088K, reserved 1048576K
}
Event: 4.718 GC heap after
{Heap after GC invocations=9 (full 0):
 garbage-first heap   total 312320K, used 50226K [0x0000000702c00000, 0x0000000800000000)
  region size 1024K, 23 young (23552K), 23 survivors (23552K)
 Metaspace       used 59470K, capacity 60138K, committed 60240K, reserved 1101824K
  class space    used 6760K, capacity 7036K, committed 7088K, reserved 1048576K
}
Event: 7.567 GC heap before
{Heap before GC invocations=10 (full 0):
 garbage-first heap   total 312320K, used 189490K [0x0000000702c00000, 0x0000000800000000)
  region size 1024K, 158 young (161792K), 23 survivors (23552K)
 Metaspace       used 73262K, capacity 74133K, committed 74320K, reserved 1116160K
  class space    used 7948K, capacity 8288K, committed 8368K, reserved 1048576K
}
Event: 7.590 GC heap after
{Heap after GC invocations=11 (full 0):
 garbage-first heap   total 312320K, used 68079K [0x0000000702c00000, 0x0000000800000000)
  region size 1024K, 18 young (18432K), 18 survivors (18432K)
 Metaspace       used 73262K, capacity 74133K, committed 74320K, reserved 1116160K
  class space    used 7948K, capacity 8288K, committed 8368K, reserved 1048576K
}
Event: 9.124 GC heap before
{Heap before GC invocations=11 (full 0):
 garbage-first heap   total 312320K, used 201199K [0x0000000702c00000, 0x0000000800000000)
  region size 1024K, 148 young (151552K), 18 survivors (18432K)
 Metaspace       used 86082K, capacity 86903K, committed 87120K, reserved 1126400K
  class space    used 9159K, capacity 9513K, committed 9648K, reserved 1048576K
}
Event: 9.141 GC heap after
{Heap after GC invocations=12 (full 0):
 garbage-first heap   total 312320K, used 80867K [0x0000000702c00000, 0x0000000800000000)
  region size 1024K, 12 young (12288K), 12 survivors (12288K)
 Metaspace       used 86082K, capacity 86903K, committed 87120K, reserved 1126400K
  class space    used 9159K, capacity 9513K, committed 9648K, reserved 1048576K
}

