# JRE version: OpenJDK Runtime Environment (11.0.15) (build 11.0.15+0-b2043.56-9505619)
# Java VM: OpenJDK 64-Bit Server VM (11.0.15+0-b2043.56-9505619, mixed mode, tiered, compressed oops, g1 gc, windows-amd64)
Heap:
 garbage-first heap   total 260096K, used 85695K [0x0000000702c00000, 0x0000000800000000)
  region size 1024K, 59 young (60416K), 2 survivors (2048K)
 Metaspace       used 47685K, capacity 48254K, committed 48464K, reserved 1091584K
  class space    used 5551K, capacity 5770K, committed 5808K, reserved 1048576K
GC Heap History (10 events):
Event: 0.448 GC heap before
{Heap before GC invocations=0 (full 0):
 garbage-first heap   total 260096K, used 28672K [0x0000000702c00000, 0x0000000800000000)
  region size 1024K, 24 young (24576K), 0 survivors (0K)
 Metaspace       used 12124K, capacity 12280K, committed 12544K, reserved 1060864K
  class space    used 1118K, capacity 1175K, committed 1280K, reserved 1048576K
}
Event: 0.450 GC heap after
{Heap after GC invocations=1 (full 0):
 garbage-first heap   total 260096K, used 6872K [0x0000000702c00000, 0x0000000800000000)
  region size 1024K, 3 young (3072K), 3 survivors (3072K)
 Metaspace       used 12124K, capacity 12280K, committed 12544K, reserved 1060864K
  class space    used 1118K, capacity 1175K, committed 1280K, reserved 1048576K
}
Event: 0.922 GC heap before
{Heap before GC invocations=1 (full 0):
 garbage-first heap   total 260096K, used 44760K [0x0000000702c00000, 0x0000000800000000)
  region size 1024K, 41 young (41984K), 3 survivors (3072K)
 Metaspace       used 21050K, capacity 21199K, committed 21296K, reserved 1069056K
  class space    used 2225K, capacity 2308K, committed 2352K, reserved 1048576K
}
Event: 0.931 GC heap after
{Heap after GC invocations=2 (full 0):
 garbage-first heap   total 260096K, used 10332K [0x0000000702c00000, 0x0000000800000000)
  region size 1024K, 7 young (7168K), 7 survivors (7168K)
 Metaspace       used 21050K, capacity 21199K, committed 21296K, reserved 1069056K
  class space    used 2225K, capacity 2308K, committed 2352K, reserved 1048576K
}
Event: 1.536 GC heap before
{Heap before GC invocations=3 (full 0):
 garbage-first heap   total 260096K, used 69724K [0x0000000702c00000, 0x0000000800000000)
  region size 1024K, 59 young (60416K), 7 survivors (7168K)
 Metaspace       used 31842K, capacity 32258K, committed 32560K, reserved 1077248K
  class space    used 3930K, capacity 4111K, committed 4144K, reserved 1048576K
}
Event: 1.545 GC heap after
{Heap after GC invocations=4 (full 0):
 garbage-first heap   total 260096K, used 24162K [0x0000000702c00000, 0x0000000800000000)
  region size 1024K, 8 young (8192K), 8 survivors (8192K)
 Metaspace       used 31842K, capacity 32258K, committed 32560K, reserved 1077248K
  class space    used 3930K, capacity 4111K, committed 4144K, reserved 1048576K
}
Event: 1.617 GC heap before
{Heap before GC invocations=4 (full 0):
 garbage-first heap   total 260096K, used 30306K [0x0000000702c00000, 0x0000000800000000)
  region size 1024K, 14 young (14336K), 8 survivors (8192K)
 Metaspace       used 33488K, capacity 33929K, committed 34096K, reserved 1079296K
  class space    used 4122K, capacity 4306K, committed 4400K, reserved 1048576K
}
Event: 1.623 GC heap after
{Heap after GC invocations=5 (full 0):
 garbage-first heap   total 260096K, used 25703K [0x0000000702c00000, 0x0000000800000000)
  region size 1024K, 2 young (2048K), 2 survivors (2048K)
 Metaspace       used 33488K, capacity 33929K, committed 34096K, reserved 1079296K
  class space    used 4122K, capacity 4306K, committed 4400K, reserved 1048576K
}
Event: 1.731 GC heap before
{Heap before GC invocations=5 (full 0):
 garbage-first heap   total 260096K, used 34919K [0x0000000702c00000, 0x0000000800000000)
  region size 1024K, 12 young (12288K), 2 survivors (2048K)
 Metaspace       used 35385K, capacity 35785K, committed 35920K, reserved 1081344K
  class space    used 4315K, capacity 4498K, committed 4528K, reserved 1048576K
}
Event: 1.733 GC heap after
{Heap after GC invocations=6 (full 0):
 garbage-first heap   total 260096K, used 26303K [0x0000000702c00000, 0x0000000800000000)
  region size 1024K, 2 young (2048K), 2 survivors (2048K)
 Metaspace       used 35385K, capacity 35785K, committed 35920K, reserved 1081344K
  class space    used 4315K, capacity 4498K, committed 4528K, reserved 1048576K
}

